GET /api/product/products 500 340 - 25.132 ms Mon, 27 Feb 2023 17:21:35 GMT application/json
GET /api/product/products 200 2765 - 27.155 ms Mon, 27 Feb 2023 17:22:53 GMT application/json
GET /api/product/products?price[gte]=100 200 2765 - 9.500 ms Mon, 27 Feb 2023 17:23:54 GMT application/json
GET /api/product/products?price[gte]=600 200 1060 - 6.826 ms Mon, 27 Feb 2023 17:24:16 GMT application/json
GET /api/product/products?sort=category 200 2760 - 47.115 ms Mon, 27 Feb 2023 17:32:41 GMT application/json
GET /api/product/products 200 2760 - 7.929 ms Mon, 27 Feb 2023 17:32:49 GMT application/json
GET /api/product/products?sort=category 200 2760 - 7.251 ms Mon, 27 Feb 2023 17:33:03 GMT application/json
GET /api/product/products?sort=category,desc 200 2760 - 6.825 ms Mon, 27 Feb 2023 17:33:17 GMT application/json
GET /api/product/products?sort=desc 200 2760 - 4.743 ms Mon, 27 Feb 2023 17:33:26 GMT application/json
GET /api/product/products?sort=category,brand 200 2760 - 6.181 ms Mon, 27 Feb 2023 17:33:45 GMT application/json
GET /api/product/products?fields=title,category,brand 200 759 - 22.967 ms Mon, 27 Feb 2023 17:38:49 GMT application/json
GET /api/product/products 500 324 - 39.626 ms Mon, 27 Feb 2023 17:39:50 GMT application/json
GET /api/product/products 200 357 - 21.337 ms Mon, 27 Feb 2023 17:40:25 GMT application/json
GET /api/product/products 200 2760 - 38.043 ms Mon, 27 Feb 2023 17:40:40 GMT application/json
GET /api/product/products 200 2696 - 34.607 ms Mon, 27 Feb 2023 17:40:52 GMT application/json
GET /api/product/products?page=1&limit=3 500 332 - 42.744 ms Mon, 27 Feb 2023 17:48:17 GMT application/json
GET /api/product/products?page=1&limit=3 500 332 - 14.802 ms Mon, 27 Feb 2023 17:49:53 GMT application/json
GET /api/product/products?page=1&limit=3 500 332 - 16.662 ms Mon, 27 Feb 2023 17:50:13 GMT application/json
GET /api/product/products?page=1&limit=3 200 1013 - 27.441 ms Mon, 27 Feb 2023 17:50:45 GMT application/json
POST /api/auth/password 404 1113 - 3.911 ms Mon, 27 Feb 2023 18:15:54 GMT application/json
PUT /api/auth/password 500 1214 - 4.207 ms Mon, 27 Feb 2023 18:30:42 GMT application/json
PUT /api/auth/login 404 1113 - 5.371 ms Mon, 27 Feb 2023 18:33:43 GMT application/json
PUT /api/auth/password 500 1214 - 7.917 ms Mon, 27 Feb 2023 18:35:38 GMT application/json
POST /api/auth/login 200 390 - 251.131 ms Mon, 27 Feb 2023 18:37:53 GMT application/json
GET /api/auth/me 200 522 - 30.369 ms Mon, 27 Feb 2023 18:40:45 GMT application/json
POST /api/auth/password 404 1113 - 3.080 ms Mon, 27 Feb 2023 18:41:04 GMT application/json
PUT /api/auth/password 500 824 - 7.528 ms Mon, 27 Feb 2023 18:41:13 GMT application/json
PUT /api/auth/password 500 824 - 25.948 ms Mon, 27 Feb 2023 18:42:11 GMT application/json
PUT /api/auth/password 500 824 - 5.274 ms Mon, 27 Feb 2023 18:42:16 GMT application/json
PUT /api/auth/password 500 824 - 25.604 ms Mon, 27 Feb 2023 18:43:08 GMT application/json
PUT /api/auth/password 500 824 - 26.150 ms Mon, 27 Feb 2023 18:43:22 GMT application/json
PUT /api/auth/password 500 824 - 26.290 ms Mon, 27 Feb 2023 18:44:20 GMT application/json
PUT /api/auth/password 500 824 - 26.390 ms Mon, 27 Feb 2023 18:44:56 GMT application/json
PUT /api/auth/password 500 824 - 32.589 ms Mon, 27 Feb 2023 18:45:57 GMT application/json
PUT /api/auth/password 500 824 - 25.076 ms Mon, 27 Feb 2023 18:47:53 GMT application/json
PUT /api/auth/password 500 824 - 6.346 ms Mon, 27 Feb 2023 18:47:58 GMT application/json
PUT /api/auth/password 500 824 - 5.566 ms Mon, 27 Feb 2023 18:48:00 GMT application/json
PUT /api/auth/password 500 235 - 30.375 ms Mon, 27 Feb 2023 18:49:20 GMT application/json
PUT /api/auth/password 200 566 - 149.092 ms Mon, 27 Feb 2023 18:49:43 GMT application/json
PUT /api/auth/password 200 566 - 118.286 ms Mon, 27 Feb 2023 18:49:57 GMT application/json
POST /api/auth/login 200 390 - 74.200 ms Mon, 27 Feb 2023 18:55:29 GMT application/json
POST /api/auth/login 200 390 - 14.906 ms Mon, 27 Feb 2023 18:55:41 GMT application/json
POST /api/auth/login 200 390 - 8.213 ms Mon, 27 Feb 2023 18:55:58 GMT application/json
POST /api/auth/login 200 390 - 26.653 ms Mon, 27 Feb 2023 18:57:15 GMT application/json
POST /api/auth/login 200 390 - 7.943 ms Mon, 27 Feb 2023 18:57:38 GMT application/json
POST /api/auth/login 200 390 - 8.555 ms Mon, 27 Feb 2023 18:57:45 GMT application/json
POST /api/auth/login 200 390 - 48.266 ms Mon, 27 Feb 2023 19:07:49 GMT application/json
POST /api/auth/login 200 390 - 10.894 ms Mon, 27 Feb 2023 19:07:54 GMT application/json
POST /api/auth/login 200 390 - 11.873 ms Mon, 27 Feb 2023 19:07:59 GMT application/json
POST /api/auth/login 200 390 - 39.251 ms Mon, 27 Feb 2023 19:08:41 GMT application/json
POST /api/auth/login 500 159 - 41.543 ms Mon, 27 Feb 2023 19:08:58 GMT application/json
POST /api/auth/login 500 159 - 38.269 ms Mon, 27 Feb 2023 19:09:26 GMT application/json
POST /api/auth/login 500 159 - 9.524 ms Mon, 27 Feb 2023 19:09:33 GMT application/json
PUT /api/auth/password 200 29 - 117.737 ms Mon, 27 Feb 2023 19:09:59 GMT application/json
POST /api/auth/login 500 159 - 10.553 ms Mon, 27 Feb 2023 19:10:13 GMT application/json
PUT /api/auth/password 200 29 - 154.737 ms Mon, 27 Feb 2023 19:11:36 GMT application/json
PUT /api/auth/password 200 29 - 147.817 ms Mon, 27 Feb 2023 19:13:42 GMT application/json
PUT /api/auth/password 200 29 - 134.792 ms Mon, 27 Feb 2023 19:14:23 GMT application/json
PUT /api/auth/password 200 29 - 233.762 ms Mon, 27 Feb 2023 19:16:37 GMT application/json
PUT /api/auth/password 200 29 - 234.942 ms Mon, 27 Feb 2023 19:17:43 GMT application/json
POST /api/auth/login 500 159 - 21.852 ms Mon, 27 Feb 2023 19:18:33 GMT application/json
POST /api/auth/login 500 159 - 20.170 ms Mon, 27 Feb 2023 19:18:39 GMT application/json
POST /api/auth/login 500 159 - 7.333 ms Mon, 27 Feb 2023 19:18:44 GMT application/json
POST /api/auth/login 500 159 - 38.026 ms Mon, 27 Feb 2023 19:19:54 GMT application/json
PUT /api/auth/password 200 29 - 106.485 ms Mon, 27 Feb 2023 19:20:05 GMT application/json
PUT /api/auth/password 200 559 - 136.930 ms Mon, 27 Feb 2023 19:22:28 GMT application/json
POST /api/auth/login 500 159 - 14.263 ms Mon, 27 Feb 2023 19:23:21 GMT application/json
POST /api/auth/login 200 390 - 127.485 ms Mon, 27 Feb 2023 19:25:14 GMT application/json
POST /api/auth/login 500 159 - 104.028 ms Mon, 27 Feb 2023 19:25:23 GMT application/json
PUT /api/auth/password 200 559 - 117.036 ms Mon, 27 Feb 2023 19:37:34 GMT application/json
PUT /api/auth/password 200 29 - 136.220 ms Mon, 27 Feb 2023 19:37:51 GMT application/json
POST /api/auth/login 200 390 - 102.762 ms Mon, 27 Feb 2023 19:38:02 GMT application/json
POST /api/auth/login 500 159 - 125.200 ms Mon, 27 Feb 2023 19:38:07 GMT application/json
POST /api/blog/create 200 372 - 37.261 ms Thu, 02 Mar 2023 18:32:56 GMT application/json
POST /api/blog/create 200 376 - 6.917 ms Thu, 02 Mar 2023 18:34:05 GMT application/json
POST /api/blog/create 200 376 - 6.701 ms Thu, 02 Mar 2023 18:34:24 GMT application/json
POST /api/blog/create 200 376 - 6.583 ms Thu, 02 Mar 2023 18:35:36 GMT application/json
PUT /api/blog/update/6400ec78a626dccdbb164e51 500 1205 - 8.233 ms Thu, 02 Mar 2023 18:39:51 GMT application/json
POST /api/auth/login 500 159 - 160.871 ms Thu, 02 Mar 2023 18:42:54 GMT application/json
POST /api/auth/login 500 159 - 102.484 ms Thu, 02 Mar 2023 18:43:18 GMT application/json
POST /api/auth/login 500 159 - 97.063 ms Thu, 02 Mar 2023 18:44:38 GMT application/json
POST /api/auth/login 500 159 - 96.078 ms Thu, 02 Mar 2023 18:44:45 GMT application/json
POST /api/auth/password 404 1113 - 0.531 ms Thu, 02 Mar 2023 18:46:14 GMT application/json
PUT /api/auth/password 500 1214 - 0.962 ms Thu, 02 Mar 2023 18:46:40 GMT application/json
POST /api/auth/login 500 159 - 101.251 ms Thu, 02 Mar 2023 18:47:27 GMT application/json
POST /api/auth/login 200 390 - 96.574 ms Thu, 02 Mar 2023 18:47:40 GMT application/json
POST /api/blog/update/6400ec78a626dccdbb164e51 404 912 - 3.530 ms Thu, 02 Mar 2023 18:48:54 GMT application/json
PUT /api/blog/update/6400ec78a626dccdbb164e51 200 379 - 10.756 ms Thu, 02 Mar 2023 18:48:59 GMT application/json
PUT /api/blog/update/6400ec78a626dccdbb164e51 200 393 - 43.339 ms Thu, 02 Mar 2023 18:58:03 GMT application/json
GET /api/blog/6400ec78a626dccdbb164e51 - - - - ms Thu, 02 Mar 2023 18:58:26 GMT application/json
GET /api/blog/6400ec78a626dccdbb164e51 - - - - ms Thu, 02 Mar 2023 18:59:59 GMT application/json
GET /api/blog/6400ebd8a626dccdbb164e4b - - - - ms Thu, 02 Mar 2023 19:01:14 GMT application/json
GET /api/blog/6400ebd8a626dccdbb164e4b - - - - ms Thu, 02 Mar 2023 19:03:19 GMT application/json
GET /api/blog/6400ebd8a626dccdbb164e4b - - - - ms Thu, 02 Mar 2023 19:04:20 GMT application/json
GET /api/blog/6400ebd8a626dccdbb164e4b - - - - ms Thu, 02 Mar 2023 19:04:59 GMT application/json
GET /api/blog/6400ebd8a626dccdbb164e4b - - - - ms Thu, 02 Mar 2023 19:05:11 GMT application/json
GET /api/blog/6400ebd8a626dccdbb164e4b - - - - ms Thu, 02 Mar 2023 19:05:46 GMT application/json
GET /api/blog/6400ebd8a626dccdbb164e4b - - - - ms Thu, 02 Mar 2023 19:05:56 GMT application/json
GET /api/blog/6400ebd8a626dccdbb164e4b - - - - ms Thu, 02 Mar 2023 19:06:42 GMT application/json
GET /api/blog/6400ec78a626dccdbb164e51 - - - - ms Thu, 02 Mar 2023 19:06:57 GMT application/json
GET /api/blog/6400ec78a626dccdbb164e51 200 360 - 31.820 ms Thu, 02 Mar 2023 19:07:19 GMT application/json
GET /api/blog/6400ec78a626dccdbb164e51 200 358 - 30.735 ms Thu, 02 Mar 2023 19:07:41 GMT application/json
GET /api/blog/6400ec78a626dccdbb164e51 - - - - ms Thu, 02 Mar 2023 19:08:12 GMT application/json
POST /api/blog/create 200 374 - 37.627 ms Thu, 02 Mar 2023 19:08:53 GMT application/json
POST /api/blog/create 200 371 - 11.572 ms Thu, 02 Mar 2023 19:09:09 GMT application/json
POST /api/blog/create 200 378 - 10.053 ms Thu, 02 Mar 2023 19:09:27 GMT application/json
POST /api/blog/create 200 376 - 9.176 ms Thu, 02 Mar 2023 19:10:22 GMT application/json
GET /api/blog/6400f49e2b856413c4526029 200 343 - 8.264 ms Thu, 02 Mar 2023 19:10:53 GMT application/json
GET /api/blog/6400f49e2b856413c4526029 200 343 - 4.778 ms Thu, 02 Mar 2023 19:10:58 GMT application/json
GET /api/blog/blogs 200 2670 - 28.275 ms Thu, 02 Mar 2023 19:13:27 GMT application/json
GET /api/blog/blogs 200 2670 - 31.722 ms Thu, 02 Mar 2023 19:35:46 GMT application/json
GET /api/blog/blogs 200 2670 - 23.770 ms Thu, 02 Mar 2023 19:37:44 GMT application/json
GET /api/blog/6400ebd8a626dccdbb164e4b 500 631 - 58.775 ms Thu, 02 Mar 2023 19:37:56 GMT application/json
GET /api/blog/blogs 200 2670 - 9.900 ms Thu, 02 Mar 2023 19:38:37 GMT application/json
GET /api/blog/6400ec1da626dccdbb164e4d 500 631 - 4.121 ms Thu, 02 Mar 2023 19:38:49 GMT application/json
GET /api/blog/6400ec1da626dccdbb164e4d 500 391 - 10.301 ms Thu, 02 Mar 2023 19:39:35 GMT application/json
GET /api/blog/6400ec1da626dccdbb164e4d 500 1197 - 6.477 ms Thu, 02 Mar 2023 19:40:08 GMT application/json
GET /api/blog/6400ec1da626dccdbb164e4d 500 1197 - 5.106 ms Thu, 02 Mar 2023 19:41:48 GMT application/json
GET /api/blog/6400ec1da626dccdbb164e4d 500 631 - 22.289 ms Thu, 02 Mar 2023 19:42:05 GMT application/json
GET /api/blog/6400ec78a626dccdbb164e51 500 631 - 19.917 ms Thu, 02 Mar 2023 19:44:04 GMT application/json
GET /api/blog/6400f4552b856413c4526021 200 338 - 9.978 ms Thu, 02 Mar 2023 19:45:30 GMT application/json
GET /api/blog/6400f4552b856413c4526021 200 338 - 4.906 ms Thu, 02 Mar 2023 19:45:33 GMT application/json
GET /api/blog/6400f4552b856413c4526021 500 391 - 29.374 ms Thu, 02 Mar 2023 19:45:52 GMT application/json
GET /api/blog/6400f4552b856413c4526021 500 397 - 35.285 ms Thu, 02 Mar 2023 19:46:17 GMT application/json
GET /api/blog/6400f4552b856413c4526021 200 341 - 41.084 ms Thu, 02 Mar 2023 19:46:51 GMT application/json
GET /api/blog/6400f4552b856413c4526021 200 341 - 12.693 ms Thu, 02 Mar 2023 19:46:57 GMT application/json
GET /api/blog/6400f4552b856413c4526021 200 341 - 39.503 ms Thu, 02 Mar 2023 19:47:16 GMT application/json
PUT /api/blog/like 500 1214 - 7.011 ms Thu, 02 Mar 2023 19:58:21 GMT application/json
PUT /api/blog/like 200 325 - 32.438 ms Thu, 02 Mar 2023 19:58:58 GMT application/json
PUT /api/blog/like 200 326 - 9.696 ms Thu, 02 Mar 2023 19:59:30 GMT application/json
PUT /api/blog/like 200 325 - 7.572 ms Thu, 02 Mar 2023 19:59:31 GMT application/json
PUT /api/blog/like 200 326 - 48.302 ms Thu, 02 Mar 2023 20:00:17 GMT application/json
PUT /api/blog/like 200 351 - 46.168 ms Thu, 02 Mar 2023 20:01:03 GMT application/json
PUT /api/blog/like 200 352 - 40.810 ms Thu, 02 Mar 2023 20:01:28 GMT application/json
PUT /api/blog/like 200 378 - 47.203 ms Thu, 02 Mar 2023 20:01:39 GMT application/json
PUT /api/blog/like 200 379 - 13.391 ms Thu, 02 Mar 2023 20:01:44 GMT application/json
PUT /api/blog/like 200 351 - 51.579 ms Thu, 02 Mar 2023 20:06:30 GMT application/json
PUT /api/blog/like 200 352 - 22.377 ms Thu, 02 Mar 2023 20:06:34 GMT application/json
PUT /api/blog/like 200 378 - 50.395 ms Thu, 02 Mar 2023 20:07:40 GMT application/json
PUT /api/blog/like 200 379 - 16.508 ms Thu, 02 Mar 2023 20:07:50 GMT application/json
PUT /api/blog/like 200 379 - 67.939 ms Thu, 02 Mar 2023 20:08:56 GMT application/json
PUT /api/blog/like 200 405 - 49.852 ms Thu, 02 Mar 2023 20:09:20 GMT application/json
PUT /api/blog/like 200 405 - 16.461 ms Thu, 02 Mar 2023 20:09:22 GMT application/json
PUT /api/blog/like 200 405 - 27.038 ms Thu, 02 Mar 2023 20:09:23 GMT application/json
PUT /api/blog/like 200 405 - 16.194 ms Thu, 02 Mar 2023 20:09:24 GMT application/json
PUT /api/blog/like 200 325 - 52.817 ms Thu, 02 Mar 2023 20:10:20 GMT application/json
PUT /api/blog/like 200 326 - 14.357 ms Thu, 02 Mar 2023 20:10:23 GMT application/json
PUT /api/blog/like 200 351 - 16.076 ms Thu, 02 Mar 2023 20:10:26 GMT application/json
PUT /api/blog/like 200 325 - 25.264 ms Thu, 02 Mar 2023 20:10:28 GMT application/json
PUT /api/blog/like 200 326 - 42.927 ms Thu, 02 Mar 2023 20:10:29 GMT application/json
PUT /api/blog/like 200 351 - 17.114 ms Thu, 02 Mar 2023 20:10:30 GMT application/json
PUT /api/blog/like 200 325 - 46.177 ms Thu, 02 Mar 2023 20:11:52 GMT application/json
PUT /api/blog/like 200 326 - 45.155 ms Thu, 02 Mar 2023 20:12:10 GMT application/json
PUT /api/blog/like 200 351 - 15.347 ms Thu, 02 Mar 2023 20:12:12 GMT application/json
PUT /api/blog/like 200 326 - 11.213 ms Thu, 02 Mar 2023 20:12:13 GMT application/json
PUT /api/blog/like 200 351 - 28.682 ms Thu, 02 Mar 2023 20:12:14 GMT application/json
PUT /api/blog/like 200 326 - 13.800 ms Thu, 02 Mar 2023 20:12:15 GMT application/json
PUT /api/blog/like 200 351 - 11.621 ms Thu, 02 Mar 2023 20:12:16 GMT application/json
PUT /api/blog/like 200 326 - 18.044 ms Thu, 02 Mar 2023 20:12:18 GMT application/json
PUT /api/blog/like 200 351 - 9.172 ms Thu, 02 Mar 2023 20:12:19 GMT application/json
PUT /api/blog/like 200 326 - 12.590 ms Thu, 02 Mar 2023 20:12:21 GMT application/json
PUT /api/blog/like 200 351 - 23.397 ms Thu, 02 Mar 2023 20:12:22 GMT application/json
PUT /api/blog/like 200 326 - 14.135 ms Thu, 02 Mar 2023 20:12:23 GMT application/json
PUT /api/blog/like 200 351 - 40.048 ms Thu, 02 Mar 2023 20:14:37 GMT application/json
PUT /api/blog/like 200 326 - 16.023 ms Thu, 02 Mar 2023 20:14:38 GMT application/json
PUT /api/blog/like 200 351 - 11.297 ms Thu, 02 Mar 2023 20:14:39 GMT application/json
PUT /api/blog/like 200 326 - 15.546 ms Thu, 02 Mar 2023 20:14:40 GMT application/json
PUT /api/blog/dislike 200 351 - 49.759 ms Thu, 02 Mar 2023 20:15:27 GMT application/json
PUT /api/blog/dislike 200 326 - 36.228 ms Thu, 02 Mar 2023 20:15:31 GMT application/json
PUT /api/blog/dislike 200 351 - 13.570 ms Thu, 02 Mar 2023 20:15:32 GMT application/json
PUT /api/blog/like 200 376 - 36.176 ms Thu, 02 Mar 2023 20:15:40 GMT application/json
PUT /api/blog/like 200 351 - 42.747 ms Thu, 02 Mar 2023 20:20:27 GMT application/json
PUT /api/blog/dislike 200 326 - 45.447 ms Thu, 02 Mar 2023 20:20:37 GMT application/json
PUT /api/blog/dislike 200 351 - 12.900 ms Thu, 02 Mar 2023 20:20:38 GMT application/json
PUT /api/blog/dislike 200 326 - 21.276 ms Thu, 02 Mar 2023 20:20:40 GMT application/json
PUT /api/blog/dislike 200 351 - 24.486 ms Thu, 02 Mar 2023 20:20:41 GMT application/json
PUT /api/blog/like 200 326 - 10.906 ms Thu, 02 Mar 2023 20:20:50 GMT application/json
PUT /api/blog/like 200 351 - 10.137 ms Thu, 02 Mar 2023 20:20:51 GMT application/json
PUT /api/blog/like 200 326 - 9.535 ms Thu, 02 Mar 2023 20:20:54 GMT application/json
PUT /api/blog/like 200 351 - 49.297 ms Thu, 02 Mar 2023 20:20:55 GMT application/json
PUT /api/blog/like 200 326 - 10.938 ms Thu, 02 Mar 2023 20:20:56 GMT application/json
PUT /api/blog/like 200 351 - 23.745 ms Thu, 02 Mar 2023 20:20:56 GMT application/json
PUT /api/blog/dislike 200 326 - 14.549 ms Thu, 02 Mar 2023 20:22:57 GMT application/json
PUT /api/blog/dislike 200 351 - 12.423 ms Thu, 02 Mar 2023 20:23:03 GMT application/json
PUT /api/blog/dislike 200 326 - 58.491 ms Thu, 02 Mar 2023 20:25:46 GMT application/json
PUT /api/blog/dislike - - - - ms Thu, 02 Mar 2023 20:25:53 GMT application/json
PUT /api/blog/like - - - - ms Thu, 02 Mar 2023 20:26:03 GMT application/json
PUT /api/blog/like 200 351 - 41.023 ms Thu, 02 Mar 2023 20:28:35 GMT application/json
GET /api/blog/6400f4552b856413c4526021 200 862 - 37.674 ms Thu, 02 Mar 2023 20:28:47 GMT application/json
GET /api/blog/6400f4552b856413c4526021 200 628 - 54.410 ms Thu, 02 Mar 2023 20:29:50 GMT application/json
GET /api/blog/6400f4552b856413c4526021 200 863 - 58.720 ms Thu, 02 Mar 2023 20:30:15 GMT application/json
GET /api/blog/6400f4552b856413c4526021 200 444 - 59.962 ms Thu, 02 Mar 2023 20:31:09 GMT application/json
POST /api/category/create 200 55 - 42.587 ms Thu, 02 Mar 2023 20:51:54 GMT application/json
POST /api/category/create 500 430 - 59.404 ms Thu, 02 Mar 2023 20:54:42 GMT application/json
POST /api/category/create 200 135 - 17.122 ms Thu, 02 Mar 2023 20:54:49 GMT application/json
POST /api/category/create 200 137 - 13.875 ms Thu, 02 Mar 2023 20:54:57 GMT application/json
POST /api/category/create 200 136 - 10.792 ms Thu, 02 Mar 2023 20:55:05 GMT application/json
POST /api/blogcategory/create 200 133 - 73.195 ms Thu, 02 Mar 2023 21:27:25 GMT application/json
POST /api/blogcategory/create 200 137 - 12.803 ms Thu, 02 Mar 2023 21:27:38 GMT application/json
POST /api/blogcategory/create 200 137 - 15.074 ms Thu, 02 Mar 2023 21:27:44 GMT application/json
POST /api/brand/create 200 136 - 18.024 ms Thu, 02 Mar 2023 21:28:03 GMT application/json
POST /api/brand/create 200 137 - 18.486 ms Thu, 02 Mar 2023 21:28:12 GMT application/json
POST /api/brand/create 200 138 - 15.569 ms Thu, 02 Mar 2023 21:28:22 GMT application/json
POST /api/brand/create 200 135 - 9.660 ms Thu, 02 Mar 2023 21:28:26 GMT application/json
PUT /api/product/wishlist 200 557 - 58.777 ms Thu, 02 Mar 2023 21:55:43 GMT application/json
PUT /api/product/wishlist 200 531 - 10.482 ms Thu, 02 Mar 2023 21:55:50 GMT application/json
PUT /api/product/wishlist 200 557 - 43.425 ms Thu, 02 Mar 2023 21:55:54 GMT application/json
PUT /api/product/wishlist 200 584 - 18.124 ms Thu, 02 Mar 2023 21:56:23 GMT application/json
PUT /api/product/rating 200 442 - 77.776 ms Fri, 03 Mar 2023 09:33:28 GMT application/json
PUT /api/product/rating 200 109 - 22.290 ms Fri, 03 Mar 2023 09:33:39 GMT application/json
PUT /api/product/rating 200 109 - 54.850 ms Fri, 03 Mar 2023 10:01:42 GMT application/json
GET /api/product/all 200 2960 - 32.934 ms Fri, 03 Mar 2023 10:03:37 GMT application/json
POST /api/auth/register 200 369 - 207.027 ms Fri, 03 Mar 2023 10:10:27 GMT application/json
POST /api/auth/login 200 387 - 127.137 ms Fri, 03 Mar 2023 10:11:10 GMT application/json
POST /api/product/create 500 1214 - 4.220 ms Fri, 03 Mar 2023 10:14:26 GMT application/json
POST /api/auth/login 200 390 - 99.985 ms Fri, 03 Mar 2023 10:17:42 GMT application/json
POST /api/product/create 500 1214 - 1.465 ms Fri, 03 Mar 2023 10:18:06 GMT application/json
POST /api/product/create 200 397 - 16.353 ms Fri, 03 Mar 2023 10:19:12 GMT application/json
PUT /api/product/rating 200 465 - 14.554 ms Fri, 03 Mar 2023 10:20:28 GMT application/json
POST /api/auth/login 200 387 - 106.340 ms Fri, 03 Mar 2023 10:21:53 GMT application/json
PUT /api/product/rating 200 582 - 15.605 ms Fri, 03 Mar 2023 10:22:36 GMT application/json
GET /api/auth/6401c793283c8e7d34c36528 500 823 - 24.900 ms Fri, 03 Mar 2023 10:25:12 GMT -
GET /api/auth/6401c793283c8e7d34c36528 200 518 - 24.863 ms Fri, 03 Mar 2023 10:25:38 GMT -
PUT /api/product/rating 200 109 - 54.112 ms Fri, 03 Mar 2023 10:26:30 GMT application/json
PUT /api/product/all 500 238 - 15.556 ms Fri, 03 Mar 2023 10:26:43 GMT application/json
GET /api/product/all 200 3519 - 22.356 ms Fri, 03 Mar 2023 10:26:51 GMT application/json
GET /api/product/all 200 3519 - 39.658 ms Fri, 03 Mar 2023 10:32:48 GMT application/json
POST /api/auth/register 200 371 - 200.980 ms Fri, 03 Mar 2023 10:37:22 GMT application/json
POST /api/auth/login 200 389 - 116.027 ms Fri, 03 Mar 2023 10:37:35 GMT application/json
PUT /api/auth/rating 404 1113 - 2.228 ms Fri, 03 Mar 2023 10:38:12 GMT application/json
PUT /api/product/rating 200 692 - 19.603 ms Fri, 03 Mar 2023 10:38:23 GMT application/json
PUT /api/product/rating 500 373 - 77.946 ms Fri, 03 Mar 2023 10:45:32 GMT application/json
PUT /api/product/rating 500 373 - 27.408 ms Fri, 03 Mar 2023 10:46:48 GMT application/json
PUT /api/product/rating 200 705 - 60.118 ms Fri, 03 Mar 2023 10:47:29 GMT application/json
PUT /api/product/upload/63fbc8024a9f8aa88a4891b5 - - - - ms Fri, 03 Mar 2023 14:29:45 GMT multipart/form-data; boundary=--------------------------187290133098667578062421
POST /api/product/upload/63fbc8024a9f8aa88a4891b5 - - - - ms Fri, 03 Mar 2023 14:32:29 GMT multipart/form-data; boundary=--------------------------918855822947149942673128
POST /api/product/blog/6400ebd8a626dccdbb164e4b 404 1113 - 4.730 ms Fri, 03 Mar 2023 14:38:57 GMT multipart/form-data; boundary=--------------------------541723147250465085675010
POST /api/blog/upload/6400ebd8a626dccdbb164e4b 200 28 - 42.094 ms Fri, 03 Mar 2023 14:39:19 GMT multipart/form-data; boundary=--------------------------703228234386121711929966
POST /api/blog/upload/6400ebd8a626dccdbb164e4b 200 28 - 7.724 ms Fri, 03 Mar 2023 14:41:15 GMT multipart/form-data; boundary=--------------------------852589858776801588768012
POST /api/pategory/upload/63fbc8024a9f8aa88a4891b5 404 1131 - 7.147 ms Fri, 03 Mar 2023 14:55:35 GMT multipart/form-data; boundary=--------------------------943261398427082883247810
POST /api/pategory/upload/63fbc8024a9f8aa88a4891b5 404 1131 - 1.229 ms Fri, 03 Mar 2023 14:56:03 GMT multipart/form-data; boundary=--------------------------273399713326383633976667
POST /api/pategory/upload/63fbc8024a9f8aa88a4891b5 404 1131 - 0.664 ms Fri, 03 Mar 2023 14:56:06 GMT multipart/form-data; boundary=--------------------------562014604557268226034421
PUT /api/pategory/upload/63fbc8024a9f8aa88a4891b5 404 1131 - 0.915 ms Fri, 03 Mar 2023 14:56:10 GMT multipart/form-data; boundary=--------------------------505755036901425059447468
PUT /api/pategory/upload/63fbc8024a9f8aa88a4891b5 404 1131 - 1.125 ms Fri, 03 Mar 2023 14:56:12 GMT multipart/form-data; boundary=--------------------------058738537406132227785263
POST /api/pategory/upload/63fbc8484a9f8aa88a4891b9 404 1131 - 0.559 ms Fri, 03 Mar 2023 14:57:24 GMT multipart/form-data; boundary=--------------------------156279261955438381785611
POST /api/category/upload/63fbc8484a9f8aa88a4891b9 404 1113 - 0.906 ms Fri, 03 Mar 2023 14:59:33 GMT multipart/form-data; boundary=--------------------------466473559794584252132544
POST /api/category/upload/63fbc8484a9f8aa88a4891b9 404 1113 - 0.901 ms Fri, 03 Mar 2023 14:59:36 GMT multipart/form-data; boundary=--------------------------176787493967639859261208
POST /api/category/upload/63fbc8484a9f8aa88a4891b9 404 1113 - 0.713 ms Fri, 03 Mar 2023 14:59:37 GMT multipart/form-data; boundary=--------------------------074870360874243455016384
POST /api/category/upload/63fbc8484a9f8aa88a4891b9 404 1113 - 2.060 ms Fri, 03 Mar 2023 15:00:13 GMT multipart/form-data; boundary=--------------------------902847423346144818146106
POST /api/product/upload/63fbc8484a9f8aa88a4891b9 200 368 - 3401.567 ms Fri, 03 Mar 2023 15:02:01 GMT multipart/form-data; boundary=--------------------------076408398783385251688283
POST /api/product/upload/63fbc8484a9f8aa88a4891b9 404 1113 - 7.337 ms Fri, 03 Mar 2023 16:53:14 GMT multipart/form-data; boundary=--------------------------126037090971377783217679
PUT /api/product/upload/63fbc8484a9f8aa88a4891b9 500 1151 - 2.980 ms Fri, 03 Mar 2023 16:53:30 GMT multipart/form-data; boundary=--------------------------887428082693068534106362
PUT /api/product/upload/63fbc8484a9f8aa88a4891b9 500 391 - 2407.410 ms Fri, 03 Mar 2023 16:54:01 GMT multipart/form-data; boundary=--------------------------360510127169889462174904
PUT /api/product/upload/63fbc8484a9f8aa88a4891b9 200 480 - 3385.795 ms Fri, 03 Mar 2023 16:56:25 GMT multipart/form-data; boundary=--------------------------707139948513427512173263
PUT /api/blog/upload/6400ec1da626dccdbb164e4d 500 1052 - 38.212 ms Fri, 03 Mar 2023 17:13:03 GMT multipart/form-data; boundary=--------------------------692404661185094489027194
PUT /api/blog/upload/6400ec1da626dccdbb164e4d - - - - ms Fri, 03 Mar 2023 17:17:12 GMT multipart/form-data; boundary=--------------------------393786669863802963873358
PUT /api/blog/upload/6400ec1da626dccdbb164e4d 200 342 - 4613.911 ms Fri, 03 Mar 2023 17:23:13 GMT multipart/form-data; boundary=--------------------------398688840955182098553884
POST /api/blog/create 200 387 - 47.963 ms Fri, 03 Mar 2023 17:28:04 GMT application/json
PUT /api/blog/upload/64022e24a0ef5b20b6032423 200 451 - 2251.838 ms Fri, 03 Mar 2023 17:30:49 GMT multipart/form-data; boundary=--------------------------315916797550218058410894
PUT /api/blog/upload/64022e24a0ef5b20b6032423 200 451 - 2107.635 ms Fri, 03 Mar 2023 17:31:27 GMT multipart/form-data; boundary=--------------------------633828118731893248820087
POST /api/blog/create 200 389 - 51.575 ms Fri, 03 Mar 2023 17:35:05 GMT application/json
PUT /api/blog/upload/64022fc96838538df8b9fa4c 200 453 - 2272.817 ms Fri, 03 Mar 2023 17:35:57 GMT multipart/form-data; boundary=--------------------------900496924797708337730526
POST /api/auth/admin-login 500 273 - 25.227 ms Fri, 03 Mar 2023 18:14:17 GMT application/json
POST /api/auth/admin-login 200 386 - 141.874 ms Fri, 03 Mar 2023 18:14:37 GMT application/json
POST /api/auth/admin-login 500 255 - 107.546 ms Fri, 03 Mar 2023 18:14:46 GMT application/json
POST /api/auth/admin-login 500 265 - 6.439 ms Fri, 03 Mar 2023 18:15:01 GMT application/json
POST /api/auth/admin-login 500 253 - 18.508 ms Fri, 03 Mar 2023 18:15:44 GMT application/json
